[WARN] The "pnpm" field in package.json is no longer read by pnpm. The following keys were ignored: "pnpm.onlyBuiltDependencies". See https://pnpm.io/settings for the new home of each setting.
$ nest start --watch
[2J[3J[H[[90m3:56:02 pm[0m] Starting compilation in watch mode...

[[90m3:56:07 pm[0m] Found 0 errors. Watching for file changes.

[32m[Nest] 16704  - [39m12/07/2026, 3:56:08 pm [32m    LOG[39m [38;5;3m[NestFactory] [39m[32mStarting Nest application...[39m
[32m[Nest] 16704  - [39m12/07/2026, 3:56:08 pm [32m    LOG[39m [38;5;3m[InstanceLoader] [39m[32mAppModule dependencies initialized[39m[38;5;3m +15ms[39m
[32m[Nest] 16704  - [39m12/07/2026, 3:56:08 pm [32m    LOG[39m [38;5;3m[InstanceLoader] [39m[32mPrismaModule dependencies initialized[39m[38;5;3m +1ms[39m
[32m[Nest] 16704  - [39m12/07/2026, 3:56:08 pm [32m    LOG[39m [38;5;3m[InstanceLoader] [39m[32mPassportModule dependencies initialized[39m[38;5;3m +2ms[39m
[32m[Nest] 16704  - [39m12/07/2026, 3:56:08 pm [32m    LOG[39m [38;5;3m[InstanceLoader] [39m[32mMulterModule dependencies initialized[39m[38;5;3m +0ms[39m
[32m[Nest] 16704  - [39m12/07/2026, 3:56:08 pm [32m    LOG[39m [38;5;3m[InstanceLoader] [39m[32mConfigHostModule dependencies initialized[39m[38;5;3m +6ms[39m
[32m[Nest] 16704  - [39m12/07/2026, 3:56:08 pm [32m    LOG[39m [38;5;3m[InstanceLoader] [39m[32mThrottlerModule dependencies initialized[39m[38;5;3m +0ms[39m
[32m[Nest] 16704  - [39m12/07/2026, 3:56:08 pm [32m    LOG[39m [38;5;3m[InstanceLoader] [39m[32mJwtModule dependencies initialized[39m[38;5;3m +1ms[39m
[32m[Nest] 16704  - [39m12/07/2026, 3:56:08 pm [32m    LOG[39m [38;5;3m[InstanceLoader] [39m[32mDiscoveryModule dependencies initialized[39m[38;5;3m +0ms[39m
[32m[Nest] 16704  - [39m12/07/2026, 3:56:08 pm [32m    LOG[39m [38;5;3m[InstanceLoader] [39m[32mConfigModule dependencies initialized[39m[38;5;3m +0ms[39m
[32m[Nest] 16704  - [39m12/07/2026, 3:56:08 pm [32m    LOG[39m [38;5;3m[InstanceLoader] [39m[32mEventEmitterModule dependencies initialized[39m[38;5;3m +0ms[39m
[32m[Nest] 16704  - [39m12/07/2026, 3:56:08 pm [32m    LOG[39m [38;5;3m[InstanceLoader] [39m[32mFileUploadModule dependencies initialized[39m[38;5;3m +2ms[39m
[32m[Nest] 16704  - [39m12/07/2026, 3:56:08 pm [32m    LOG[39m [38;5;3m[InstanceLoader] [39m[32mOrganizationModule dependencies initialized[39m[38;5;3m +0ms[39m
[32m[Nest] 16704  - [39m12/07/2026, 3:56:08 pm [32m    LOG[39m [38;5;3m[InstanceLoader] [39m[32mReportsModule dependencies initialized[39m[38;5;3m +0ms[39m
[32m[Nest] 16704  - [39m12/07/2026, 3:56:08 pm [32m    LOG[39m [38;5;3m[InstanceLoader] [39m[32mCarbonTransactionsModule dependencies initialized[39m[38;5;3m +0ms[39m
[32m[Nest] 16704  - [39m12/07/2026, 3:56:08 pm [32m    LOG[39m [38;5;3m[InstanceLoader] [39m[32mCsrActivitiesModule dependencies initialized[39m[38;5;3m +0ms[39m
[32m[Nest] 16704  - [39m12/07/2026, 3:56:08 pm [32m    LOG[39m [38;5;3m[InstanceLoader] [39m[32mEmployeeParticipationsModule dependencies initialized[39m[38;5;3m +0ms[39m
[32m[Nest] 16704  - [39m12/07/2026, 3:56:08 pm [32m    LOG[39m [38;5;3m[InstanceLoader] [39m[32mNotificationsModule dependencies initialized[39m[38;5;3m +0ms[39m
[32m[Nest] 16704  - [39m12/07/2026, 3:56:08 pm [32m    LOG[39m [38;5;3m[InstanceLoader] [39m[32mDepartmentsModule dependencies initialized[39m[38;5;3m +0ms[39m
[32m[Nest] 16704  - [39m12/07/2026, 3:56:08 pm [32m    LOG[39m [38;5;3m[InstanceLoader] [39m[32mCategoriesModule dependencies initialized[39m[38;5;3m +0ms[39m
[32m[Nest] 16704  - [39m12/07/2026, 3:56:08 pm [32m    LOG[39m [38;5;3m[InstanceLoader] [39m[32mEmissionFactorsModule dependencies initialized[39m[38;5;3m +0ms[39m
[32m[Nest] 16704  - [39m12/07/2026, 3:56:08 pm [32m    LOG[39m [38;5;3m[InstanceLoader] [39m[32mProductProfilesModule dependencies initialized[39m[38;5;3m +0ms[39m
[32m[Nest] 16704  - [39m12/07/2026, 3:56:08 pm [32m    LOG[39m [38;5;3m[InstanceLoader] [39m[32mGoalsModule dependencies initialized[39m[38;5;3m +0ms[39m
[32m[Nest] 16704  - [39m12/07/2026, 3:56:08 pm [32m    LOG[39m [38;5;3m[InstanceLoader] [39m[32mPoliciesModule dependencies initialized[39m[38;5;3m +0ms[39m
[32m[Nest] 16704  - [39m12/07/2026, 3:56:08 pm [32m    LOG[39m [38;5;3m[InstanceLoader] [39m[32mBadgesModule dependencies initialized[39m[38;5;3m +0ms[39m
[32m[Nest] 16704  - [39m12/07/2026, 3:56:08 pm [32m    LOG[39m [38;5;3m[InstanceLoader] [39m[32mRewardsModule dependencies initialized[39m[38;5;3m +0ms[39m
[32m[Nest] 16704  - [39m12/07/2026, 3:56:08 pm [32m    LOG[39m [38;5;3m[InstanceLoader] [39m[32mChallengesModule dependencies initialized[39m[38;5;3m +0ms[39m
[32m[Nest] 16704  - [39m12/07/2026, 3:56:08 pm [32m    LOG[39m [38;5;3m[InstanceLoader] [39m[32mChallengeParticipationsModule dependencies initialized[39m[38;5;3m +1ms[39m
[32m[Nest] 16704  - [39m12/07/2026, 3:56:08 pm [32m    LOG[39m [38;5;3m[InstanceLoader] [39m[32mPolicyAcknowledgementsModule dependencies initialized[39m[38;5;3m +0ms[39m
[32m[Nest] 16704  - [39m12/07/2026, 3:56:08 pm [32m    LOG[39m [38;5;3m[InstanceLoader] [39m[32mAuditsModule dependencies initialized[39m[38;5;3m +0ms[39m
[32m[Nest] 16704  - [39m12/07/2026, 3:56:08 pm [32m    LOG[39m [38;5;3m[InstanceLoader] [39m[32mComplianceIssuesModule dependencies initialized[39m[38;5;3m +0ms[39m
[32m[Nest] 16704  - [39m12/07/2026, 3:56:08 pm [32m    LOG[39m [38;5;3m[InstanceLoader] [39m[32mUserBadgesModule dependencies initialized[39m[38;5;3m +0ms[39m
[32m[Nest] 16704  - [39m12/07/2026, 3:56:08 pm [32m    LOG[39m [38;5;3m[InstanceLoader] [39m[32mRewardRedemptionsModule dependencies initialized[39m[38;5;3m +0ms[39m
[32m[Nest] 16704  - [39m12/07/2026, 3:56:08 pm [32m    LOG[39m [38;5;3m[InstanceLoader] [39m[32mDepartmentScoresModule dependencies initialized[39m[38;5;3m +0ms[39m
[32m[Nest] 16704  - [39m12/07/2026, 3:56:08 pm [32m    LOG[39m [38;5;3m[InstanceLoader] [39m[32mDashboardModule dependencies initialized[39m[38;5;3m +0ms[39m
[32m[Nest] 16704  - [39m12/07/2026, 3:56:08 pm [32m    LOG[39m [38;5;3m[InstanceLoader] [39m[32mAuthModule dependencies initialized[39m[38;5;3m +0ms[39m
[32m[Nest] 16704  - [39m12/07/2026, 3:56:08 pm [32m    LOG[39m [38;5;3m[RoutesResolver] [39m[32mAuthController {/auth}:[39m[38;5;3m +38ms[39m
[32m[Nest] 16704  - [39m12/07/2026, 3:56:08 pm [32m    LOG[39m [38;5;3m[RouterExplorer] [39m[32mMapped {/auth/login, POST} route[39m[38;5;3m +1ms[39m
[32m[Nest] 16704  - [39m12/07/2026, 3:56:08 pm [32m    LOG[39m [38;5;3m[RouterExplorer] [39m[32mMapped {/auth/register, POST} route[39m[38;5;3m +0ms[39m
[32m[Nest] 16704  - [39m12/07/2026, 3:56:08 pm [32m    LOG[39m [38;5;3m[RouterExplorer] [39m[32mMapped {/auth/logout, POST} route[39m[38;5;3m +1ms[39m
[32m[Nest] 16704  - [39m12/07/2026, 3:56:08 pm [32m    LOG[39m [38;5;3m[RouterExplorer] [39m[32mMapped {/auth/refresh, POST} route[39m[38;5;3m +0ms[39m
[32m[Nest] 16704  - [39m12/07/2026, 3:56:08 pm [32m    LOG[39m [38;5;3m[RouterExplorer] [39m[32mMapped {/auth/profile, GET} route[39m[38;5;3m +0ms[39m
[32m[Nest] 16704  - [39m12/07/2026, 3:56:08 pm [32m    LOG[39m [38;5;3m[RouterExplorer] [39m[32mMapped {/auth/me, GET} route[39m[38;5;3m +0ms[39m
[32m[Nest] 16704  - [39m12/07/2026, 3:56:08 pm [32m    LOG[39m [38;5;3m[RoutesResolver] [39m[32mOrganizationController {/api/organization}:[39m[38;5;3m +0ms[39m
[32m[Nest] 16704  - [39m12/07/2026, 3:56:08 pm [32m    LOG[39m [38;5;3m[RouterExplorer] [39m[32mMapped {/api/organization/settings, GET} route[39m[38;5;3m +0ms[39m
[32m[Nest] 16704  - [39m12/07/2026, 3:56:08 pm [32m    LOG[39m [38;5;3m[RouterExplorer] [39m[32mMapped {/api/organization/settings, PUT} route[39m[38;5;3m +0ms[39m
[32m[Nest] 16704  - [39m12/07/2026, 3:56:08 pm [32m    LOG[39m [38;5;3m[RoutesResolver] [39m[32mCarbonTransactionsController {/api/carbon-transactions}:[39m[38;5;3m +0ms[39m
[32m[Nest] 16704  - [39m12/07/2026, 3:56:08 pm [32m    LOG[39m [38;5;3m[RouterExplorer] [39m[32mMapped {/api/carbon-transactions, GET} route[39m[38;5;3m +0ms[39m
[32m[Nest] 16704  - [39m12/07/2026, 3:56:08 pm [32m    LOG[39m [38;5;3m[RouterExplorer] [39m[32mMapped {/api/carbon-transactions/stats, GET} route[39m[38;5;3m +1ms[39m
[32m[Nest] 16704  - [39m12/07/2026, 3:56:08 pm [32m    LOG[39m [38;5;3m[RouterExplorer] [39m[32mMapped {/api/carbon-transactions/:id, GET} route[39m[38;5;3m +0ms[39m
[32m[Nest] 16704  - [39m12/07/2026, 3:56:08 pm [32m    LOG[39m [38;5;3m[RouterExplorer] [39m[32mMapped {/api/carbon-transactions, POST} route[39m[38;5;3m +0ms[39m
[32m[Nest] 16704  - [39m12/07/2026, 3:56:08 pm [32m    LOG[39m [38;5;3m[RouterExplorer] [39m[32mMapped {/api/carbon-transactions/:id, PATCH} route[39m[38;5;3m +0ms[39m
[32m[Nest] 16704  - [39m12/07/2026, 3:56:08 pm [32m    LOG[39m [38;5;3m[RouterExplorer] [39m[32mMapped {/api/carbon-transactions/:id, DELETE} route[39m[38;5;3m +0ms[39m
[32m[Nest] 16704  - [39m12/07/2026, 3:56:08 pm [32m    LOG[39m [38;5;3m[RoutesResolver] [39m[32mCsrActivitiesController {/api/csr-activities}:[39m[38;5;3m +0ms[39m
[32m[Nest] 16704  - [39m12/07/2026, 3:56:08 pm [32m    LOG[39m [38;5;3m[RouterExplorer] [39m[32mMapped {/api/csr-activities, GET} route[39m[38;5;3m +0ms[39m
[32m[Nest] 16704  - [39m12/07/2026, 3:56:08 pm [32m    LOG[39m [38;5;3m[RouterExplorer] [39m[32mMapped {/api/csr-activities/:id, GET} route[39m[38;5;3m +0ms[39m
[32m[Nest] 16704  - [39m12/07/2026, 3:56:08 pm [32m    LOG[39m [38;5;3m[RouterExplorer] [39m[32mMapped {/api/csr-activities, POST} route[39m[38;5;3m +0ms[39m
[32m[Nest] 16704  - [39m12/07/2026, 3:56:08 pm [32m    LOG[39m [38;5;3m[RouterExplorer] [39m[32mMapped {/api/csr-activities/:id, PATCH} route[39m[38;5;3m +0ms[39m
[32m[Nest] 16704  - [39m12/07/2026, 3:56:08 pm [32m    LOG[39m [38;5;3m[RouterExplorer] [39m[32mMapped {/api/csr-activities/:id, DELETE} route[39m[38;5;3m +0ms[39m
[32m[Nest] 16704  - [39m12/07/2026, 3:56:08 pm [32m    LOG[39m [38;5;3m[RoutesResolver] [39m[32mEmployeeParticipationsController {/api/employee-participations}:[39m[38;5;3m +0ms[39m
[32m[Nest] 16704  - [39m12/07/2026, 3:56:08 pm [32m    LOG[39m [38;5;3m[RouterExplorer] [39m[32mMapped {/api/employee-participations, GET} route[39m[38;5;3m +1ms[39m
[32m[Nest] 16704  - [39m12/07/2026, 3:56:08 pm [32m    LOG[39m [38;5;3m[RouterExplorer] [39m[32mMapped {/api/employee-participations/:id, GET} route[39m[38;5;3m +0ms[39m
[32m[Nest] 16704  - [39m12/07/2026, 3:56:08 pm [32m    LOG[39m [38;5;3m[RouterExplorer] [39m[32mMapped {/api/employee-participations, POST} route[39m[38;5;3m +0ms[39m
[32m[Nest] 16704  - [39m12/07/2026, 3:56:08 pm [32m    LOG[39m [38;5;3m[RouterExplorer] [39m[32mMapped {/api/employee-participations/:id, PATCH} route[39m[38;5;3m +0ms[39m
[32m[Nest] 16704  - [39m12/07/2026, 3:56:08 pm [32m    LOG[39m [38;5;3m[RouterExplorer] [39m[32mMapped {/api/employee-participations/:id, DELETE} route[39m[38;5;3m +0ms[39m
[32m[Nest] 16704  - [39m12/07/2026, 3:56:08 pm [32m    LOG[39m [38;5;3m[RouterExplorer] [39m[32mMapped {/api/employee-participations/:id/approve, POST} route[39m[38;5;3m +0ms[39m
[32m[Nest] 16704  - [39m12/07/2026, 3:56:08 pm [32m    LOG[39m [38;5;3m[RouterExplorer] [39m[32mMapped {/api/employee-participations/:id/reject, POST} route[39m[38;5;3m +0ms[39m
[32m[Nest] 16704  - [39m12/07/2026, 3:56:08 pm [32m    LOG[39m [38;5;3m[RoutesResolver] [39m[32mNotificationsController {/api/notifications}:[39m[38;5;3m +0ms[39m
[32m[Nest] 16704  - [39m12/07/2026, 3:56:08 pm [32m    LOG[39m [38;5;3m[RouterExplorer] [39m[32mMapped {/api/notifications, GET} route[39m[38;5;3m +0ms[39m
[32m[Nest] 16704  - [39m12/07/2026, 3:56:08 pm [32m    LOG[39m [38;5;3m[RouterExplorer] [39m[32mMapped {/api/notifications/user/:userId, GET} route[39m[38;5;3m +0ms[39m
[32m[Nest] 16704  - [39m12/07/2026, 3:56:08 pm [32m    LOG[39m [38;5;3m[RouterExplorer] [39m[32mMapped {/api/notifications/unread-count/:userId, GET} route[39m[38;5;3m +0ms[39m
[32m[Nest] 16704  - [39m12/07/2026, 3:56:08 pm [32m    LOG[39m [38;5;3m[RouterExplorer] [39m[32mMapped {/api/notifications/:id, GET} route[39m[38;5;3m +0ms[39m
[32m[Nest] 16704  - [39m12/07/2026, 3:56:08 pm [32m    LOG[39m [38;5;3m[RouterExplorer] [39m[32mMapped {/api/notifications, POST} route[39m[38;5;3m +0ms[39m
[32m[Nest] 16704  - [39m12/07/2026, 3:56:08 pm [32m    LOG[39m [38;5;3m[RouterExplorer] [39m[32mMapped {/api/notifications/:id/read, PATCH} route[39m[38;5;3m +1ms[39m
[32m[Nest] 16704  - [39m12/07/2026, 3:56:08 pm [32m    LOG[39m [38;5;3m[RouterExplorer] [39m[32mMapped {/api/notifications/read-all/:userId, PATCH} route[39m[38;5;3m +0ms[39m
[32m[Nest] 16704  - [39m12/07/2026, 3:56:08 pm [32m    LOG[39m [38;5;3m[RouterExplorer] [39m[32mMapped {/api/notifications/:id, PATCH} route[39m[38;5;3m +0ms[39m
[32m[Nest] 16704  - [39m12/07/2026, 3:56:08 pm [32m    LOG[39m [38;5;3m[RouterExplorer] [39m[32mMapped {/api/notifications/:id, DELETE} route[39m[38;5;3m +0ms[39m
[32m[Nest] 16704  - [39m12/07/2026, 3:56:08 pm [32m    LOG[39m [38;5;3m[RoutesResolver] [39m[32mDepartmentsController {/api/departments}:[39m[38;5;3m +0ms[39m
[32m[Nest] 16704  - [39m12/07/2026, 3:56:08 pm [32m    LOG[39m [38;5;3m[RouterExplorer] [39m[32mMapped {/api/departments, GET} route[39m[38;5;3m +0ms[39m
[32m[Nest] 16704  - [39m12/07/2026, 3:56:08 pm [32m    LOG[39m [38;5;3m[RouterExplorer] [39m[32mMapped {/api/departments/:id, GET} route[39m[38;5;3m +0ms[39m
[32m[Nest] 16704  - [39m12/07/2026, 3:56:08 pm [32m    LOG[39m [38;5;3m[RouterExplorer] [39m[32mMapped {/api/departments, POST} route[39m[38;5;3m +0ms[39m
[32m[Nest] 16704  - [39m12/07/2026, 3:56:08 pm [32m    LOG[39m [38;5;3m[RouterExplorer] [39m[32mMapped {/api/departments/:id, PATCH} route[39m[38;5;3m +0ms[39m
[32m[Nest] 16704  - [39m12/07/2026, 3:56:08 pm [32m    LOG[39m [38;5;3m[RouterExplorer] [39m[32mMapped {/api/departments/:id, DELETE} route[39m[38;5;3m +0ms[39m
[32m[Nest] 16704  - [39m12/07/2026, 3:56:08 pm [32m    LOG[39m [38;5;3m[RoutesResolver] [39m[32mCategoriesController {/api/categories}:[39m[38;5;3m +0ms[39m
[32m[Nest] 16704  - [39m12/07/2026, 3:56:08 pm [32m    LOG[39m [38;5;3m[RouterExplorer] [39m[32mMapped {/api/categories, GET} route[39m[38;5;3m +0ms[39m
[32m[Nest] 16704  - [39m12/07/2026, 3:56:08 pm [32m    LOG[39m [38;5;3m[RouterExplorer] [39m[32mMapped {/api/categories/:id, GET} route[39m[38;5;3m +0ms[39m
[32m[Nest] 16704  - [39m12/07/2026, 3:56:08 pm [32m    LOG[39m [38;5;3m[RouterExplorer] [39m[32mMapped {/api/categories, POST} route[39m[38;5;3m +0ms[39m
[32m[Nest] 16704  - [39m12/07/2026, 3:56:08 pm [32m    LOG[39m [38;5;3m[RouterExplorer] [39m[32mMapped {/api/categories/:id, PATCH} route[39m[38;5;3m +0ms[39m
[32m[Nest] 16704  - [39m12/07/2026, 3:56:08 pm [32m    LOG[39m [38;5;3m[RouterExplorer] [39m[32mMapped {/api/categories/:id, DELETE} route[39m[38;5;3m +0ms[39m
[32m[Nest] 16704  - [39m12/07/2026, 3:56:08 pm [32m    LOG[39m [38;5;3m[RoutesResolver] [39m[32mEmissionFactorsController {/api/emission-factors}:[39m[38;5;3m +0ms[39m
[32m[Nest] 16704  - [39m12/07/2026, 3:56:08 pm [32m    LOG[39m [38;5;3m[RouterExplorer] [39m[32mMapped {/api/emission-factors, GET} route[39m[38;5;3m +0ms[39m
[32m[Nest] 16704  - [39m12/07/2026, 3:56:08 pm [32m    LOG[39m [38;5;3m[RouterExplorer] [39m[32mMapped {/api/emission-factors/:id, GET} route[39m[38;5;3m +1ms[39m
[32m[Nest] 16704  - [39m12/07/2026, 3:56:08 pm [32m    LOG[39m [38;5;3m[RouterExplorer] [39m[32mMapped {/api/emission-factors, POST} route[39m[38;5;3m +0ms[39m
[32m[Nest] 16704  - [39m12/07/2026, 3:56:08 pm [32m    LOG[39m [38;5;3m[RouterExplorer] [39m[32mMapped {/api/emission-factors/:id, PATCH} route[39m[38;5;3m +0ms[39m
[32m[Nest] 16704  - [39m12/07/2026, 3:56:08 pm [32m    LOG[39m [38;5;3m[RouterExplorer] [39m[32mMapped {/api/emission-factors/:id, DELETE} route[39m[38;5;3m +0ms[39m
[32m[Nest] 16704  - [39m12/07/2026, 3:56:08 pm [32m    LOG[39m [38;5;3m[RoutesResolver] [39m[32mProductProfilesController {/api/product-profiles}:[39m[38;5;3m +0ms[39m
[32m[Nest] 16704  - [39m12/07/2026, 3:56:08 pm [32m    LOG[39m [38;5;3m[RouterExplorer] [39m[32mMapped {/api/product-profiles, GET} route[39m[38;5;3m +0ms[39m
[32m[Nest] 16704  - [39m12/07/2026, 3:56:08 pm [32m    LOG[39m [38;5;3m[RouterExplorer] [39m[32mMapped {/api/product-profiles/:id, GET} route[39m[38;5;3m +0ms[39m
[32m[Nest] 16704  - [39m12/07/2026, 3:56:08 pm [32m    LOG[39m [38;5;3m[RouterExplorer] [39m[32mMapped {/api/product-profiles, POST} route[39m[38;5;3m +0ms[39m
[32m[Nest] 16704  - [39m12/07/2026, 3:56:08 pm [32m    LOG[39m [38;5;3m[RouterExplorer] [39m[32mMapped {/api/product-profiles/:id, PATCH} route[39m[38;5;3m +0ms[39m
[32m[Nest] 16704  - [39m12/07/2026, 3:56:08 pm [32m    LOG[39m [38;5;3m[RouterExplorer] [39m[32mMapped {/api/product-profiles/:id, DELETE} route[39m[38;5;3m +0ms[39m
[32m[Nest] 16704  - [39m12/07/2026, 3:56:08 pm [32m    LOG[39m [38;5;3m[RoutesResolver] [39m[32mGoalsController {/api/goals}:[39m[38;5;3m +0ms[39m
[32m[Nest] 16704  - [39m12/07/2026, 3:56:08 pm [32m    LOG[39m [38;5;3m[RouterExplorer] [39m[32mMapped {/api/goals, GET} route[39m[38;5;3m +0ms[39m
[32m[Nest] 16704  - [39m12/07/2026, 3:56:08 pm [32m    LOG[39m [38;5;3m[RouterExplorer] [39m[32mMapped {/api/goals/:id, GET} route[39m[38;5;3m +0ms[39m
[32m[Nest] 16704  - [39m12/07/2026, 3:56:08 pm [32m    LOG[39m [38;5;3m[RouterExplorer] [39m[32mMapped {/api/goals, POST} route[39m[38;5;3m +0ms[39m
[32m[Nest] 16704  - [39m12/07/2026, 3:56:08 pm [32m    LOG[39m [38;5;3m[RouterExplorer] [39m[32mMapped {/api/goals/:id, PATCH} route[39m[38;5;3m +0ms[39m
[32m[Nest] 16704  - [39m12/07/2026, 3:56:08 pm [32m    LOG[39m [38;5;3m[RouterExplorer] [39m[32mMapped {/api/goals/:id, DELETE} route[39m[38;5;3m +0ms[39m
[32m[Nest] 16704  - [39m12/07/2026, 3:56:08 pm [32m    LOG[39m [38;5;3m[RoutesResolver] [39m[32mPoliciesController {/api/policies}:[39m[38;5;3m +0ms[39m
[32m[Nest] 16704  - [39m12/07/2026, 3:56:08 pm [32m    LOG[39m [38;5;3m[RouterExplorer] [39m[32mMapped {/api/policies, GET} route[39m[38;5;3m +0ms[39m
[32m[Nest] 16704  - [39m12/07/2026, 3:56:08 pm [32m    LOG[39m [38;5;3m[RouterExplorer] [39m[32mMapped {/api/policies/:id, GET} route[39m[38;5;3m +0ms[39m
[32m[Nest] 16704  - [39m12/07/2026, 3:56:08 pm [32m    LOG[39m [38;5;3m[RouterExplorer] [39m[32mMapped {/api/policies, POST} route[39m[38;5;3m +0ms[39m
[32m[Nest] 16704  - [39m12/07/2026, 3:56:08 pm [32m    LOG[39m [38;5;3m[RouterExplorer] [39m[32mMapped {/api/policies/:id, PATCH} route[39m[38;5;3m +1ms[39m
[32m[Nest] 16704  - [39m12/07/2026, 3:56:08 pm [32m    LOG[39m [38;5;3m[RouterExplorer] [39m[32mMapped {/api/policies/:id, DELETE} route[39m[38;5;3m +0ms[39m
[32m[Nest] 16704  - [39m12/07/2026, 3:56:08 pm [32m    LOG[39m [38;5;3m[RoutesResolver] [39m[32mBadgesController {/api/badges}:[39m[38;5;3m +0ms[39m
[32m[Nest] 16704  - [39m12/07/2026, 3:56:08 pm [32m    LOG[39m [38;5;3m[RouterExplorer] [39m[32mMapped {/api/badges, GET} route[39m[38;5;3m +0ms[39m
[32m[Nest] 16704  - [39m12/07/2026, 3:56:08 pm [32m    LOG[39m [38;5;3m[RouterExplorer] [39m[32mMapped {/api/badges/:id, GET} route[39m[38;5;3m +0ms[39m
[32m[Nest] 16704  - [39m12/07/2026, 3:56:08 pm [32m    LOG[39m [38;5;3m[RouterExplorer] [39m[32mMapped {/api/badges, POST} route[39m[38;5;3m +0ms[39m
[32m[Nest] 16704  - [39m12/07/2026, 3:56:08 pm [32m    LOG[39m [38;5;3m[RouterExplorer] [39m[32mMapped {/api/badges/:id, PATCH} route[39m[38;5;3m +0ms[39m
[32m[Nest] 16704  - [39m12/07/2026, 3:56:08 pm [32m    LOG[39m [38;5;3m[RouterExplorer] [39m[32mMapped {/api/badges/:id, DELETE} route[39m[38;5;3m +0ms[39m
[32m[Nest] 16704  - [39m12/07/2026, 3:56:08 pm [32m    LOG[39m [38;5;3m[RoutesResolver] [39m[32mRewardsController {/api/rewards}:[39m[38;5;3m +0ms[39m
[32m[Nest] 16704  - [39m12/07/2026, 3:56:08 pm [32m    LOG[39m [38;5;3m[RouterExplorer] [39m[32mMapped {/api/rewards, GET} route[39m[38;5;3m +0ms[39m
[32m[Nest] 16704  - [39m12/07/2026, 3:56:08 pm [32m    LOG[39m [38;5;3m[RouterExplorer] [39m[32mMapped {/api/rewards/:id, GET} route[39m[38;5;3m +0ms[39m
[32m[Nest] 16704  - [39m12/07/2026, 3:56:08 pm [32m    LOG[39m [38;5;3m[RouterExplorer] [39m[32mMapped {/api/rewards, POST} route[39m[38;5;3m +0ms[39m
[32m[Nest] 16704  - [39m12/07/2026, 3:56:08 pm [32m    LOG[39m [38;5;3m[RouterExplorer] [39m[32mMapped {/api/rewards/:id, PATCH} route[39m[38;5;3m +0ms[39m
[32m[Nest] 16704  - [39m12/07/2026, 3:56:08 pm [32m    LOG[39m [38;5;3m[RouterExplorer] [39m[32mMapped {/api/rewards/:id, DELETE} route[39m[38;5;3m +0ms[39m
[32m[Nest] 16704  - [39m12/07/2026, 3:56:08 pm [32m    LOG[39m [38;5;3m[RoutesResolver] [39m[32mChallengesController {/api/challenges}:[39m[38;5;3m +0ms[39m
[32m[Nest] 16704  - [39m12/07/2026, 3:56:08 pm [32m    LOG[39m [38;5;3m[RouterExplorer] [39m[32mMapped {/api/challenges, GET} route[39m[38;5;3m +0ms[39m
[32m[Nest] 16704  - [39m12/07/2026, 3:56:08 pm [32m    LOG[39m [38;5;3m[RouterExplorer] [39m[32mMapped {/api/challenges/:id, GET} route[39m[38;5;3m +0ms[39m
[32m[Nest] 16704  - [39m12/07/2026, 3:56:08 pm [32m    LOG[39m [38;5;3m[RouterExplorer] [39m[32mMapped {/api/challenges, POST} route[39m[38;5;3m +0ms[39m
[32m[Nest] 16704  - [39m12/07/2026, 3:56:08 pm [32m    LOG[39m [38;5;3m[RouterExplorer] [39m[32mMapped {/api/challenges/:id, PATCH} route[39m[38;5;3m +0ms[39m
[32m[Nest] 16704  - [39m12/07/2026, 3:56:08 pm [32m    LOG[39m [38;5;3m[RouterExplorer] [39m[32mMapped {/api/challenges/:id/status, PATCH} route[39m[38;5;3m +0ms[39m
[32m[Nest] 16704  - [39m12/07/2026, 3:56:08 pm [32m    LOG[39m [38;5;3m[RouterExplorer] [39m[32mMapped {/api/challenges/:id, DELETE} route[39m[38;5;3m +0ms[39m
[32m[Nest] 16704  - [39m12/07/2026, 3:56:08 pm [32m    LOG[39m [38;5;3m[RoutesResolver] [39m[32mChallengeParticipationsController {/api/challenge-participations}:[39m[38;5;3m +0ms[39m
[32m[Nest] 16704  - [39m12/07/2026, 3:56:08 pm [32m    LOG[39m [38;5;3m[RouterExplorer] [39m[32mMapped {/api/challenge-participations, GET} route[39m[38;5;3m +0ms[39m
[32m[Nest] 16704  - [39m12/07/2026, 3:56:08 pm [32m    LOG[39m [38;5;3m[RouterExplorer] [39m[32mMapped {/api/challenge-participations/leaderboard, GET} route[39m[38;5;3m +0ms[39m
[32m[Nest] 16704  - [39m12/07/2026, 3:56:08 pm [32m    LOG[39m [38;5;3m[RouterExplorer] [39m[32mMapped {/api/challenge-participations/:id, GET} route[39m[38;5;3m +1ms[39m
[32m[Nest] 16704  - [39m12/07/2026, 3:56:08 pm [32m    LOG[39m [38;5;3m[RouterExplorer] [39m[32mMapped {/api/challenge-participations, POST} route[39m[38;5;3m +0ms[39m
[32m[Nest] 16704  - [39m12/07/2026, 3:56:08 pm [32m    LOG[39m [38;5;3m[RouterExplorer] [39m[32mMapped {/api/challenge-participations/:id, PATCH} route[39m[38;5;3m +0ms[39m
[32m[Nest] 16704  - [39m12/07/2026, 3:56:08 pm [32m    LOG[39m [38;5;3m[RouterExplorer] [39m[32mMapped {/api/challenge-participations/:id/approve, POST} route[39m[38;5;3m +0ms[39m
[32m[Nest] 16704  - [39m12/07/2026, 3:56:08 pm [32m    LOG[39m [38;5;3m[RouterExplorer] [39m[32mMapped {/api/challenge-participations/:id/reject, POST} route[39m[38;5;3m +0ms[39m
[32m[Nest] 16704  - [39m12/07/2026, 3:56:08 pm [32m    LOG[39m [38;5;3m[RouterExplorer] [39m[32mMapped {/api/challenge-participations/:id, DELETE} route[39m[38;5;3m +0ms[39m
[32m[Nest] 16704  - [39m12/07/2026, 3:56:08 pm [32m    LOG[39m [38;5;3m[RoutesResolver] [39m[32mPolicyAcknowledgementsController {/api/policy-acknowledgements}:[39m[38;5;3m +0ms[39m
[32m[Nest] 16704  - [39m12/07/2026, 3:56:08 pm [32m    LOG[39m [38;5;3m[RouterExplorer] [39m[32mMapped {/api/policy-acknowledgements, GET} route[39m[38;5;3m +0ms[39m
[32m[Nest] 16704  - [39m12/07/2026, 3:56:08 pm [32m    LOG[39m [38;5;3m[RouterExplorer] [39m[32mMapped {/api/policy-acknowledgements/policy/:policyId, GET} route[39m[38;5;3m +0ms[39m
[32m[Nest] 16704  - [39m12/07/2026, 3:56:08 pm [32m    LOG[39m [38;5;3m[RouterExplorer] [39m[32mMapped {/api/policy-acknowledgements/employee/:employeeId, GET} route[39m[38;5;3m +0ms[39m
[32m[Nest] 16704  - [39m12/07/2026, 3:56:08 pm [32m    LOG[39m [38;5;3m[RouterExplorer] [39m[32mMapped {/api/policy-acknowledgements/:id, GET} route[39m[38;5;3m +0ms[39m
[32m[Nest] 16704  - [39m12/07/2026, 3:56:08 pm [32m    LOG[39m [38;5;3m[RouterExplorer] [39m[32mMapped {/api/policy-acknowledgements, POST} route[39m[38;5;3m +0ms[39m
[32m[Nest] 16704  - [39m12/07/2026, 3:56:08 pm [32m    LOG[39m [38;5;3m[RouterExplorer] [39m[32mMapped {/api/policy-acknowledgements/:id, PATCH} route[39m[38;5;3m +0ms[39m
[32m[Nest] 16704  - [39m12/07/2026, 3:56:08 pm [32m    LOG[39m [38;5;3m[RouterExplorer] [39m[32mMapped {/api/policy-acknowledgements/:id, DELETE} route[39m[38;5;3m +0ms[39m
[32m[Nest] 16704  - [39m12/07/2026, 3:56:08 pm [32m    LOG[39m [38;5;3m[RoutesResolver] [39m[32mAuditsController {/api/audits}:[39m[38;5;3m +0ms[39m
[32m[Nest] 16704  - [39m12/07/2026, 3:56:08 pm [32m    LOG[39m [38;5;3m[RouterExplorer] [39m[32mMapped {/api/audits, GET} route[39m[38;5;3m +0ms[39m
[32m[Nest] 16704  - [39m12/07/2026, 3:56:08 pm [32m    LOG[39m [38;5;3m[RouterExplorer] [39m[32mMapped {/api/audits/:id, GET} route[39m[38;5;3m +0ms[39m
[32m[Nest] 16704  - [39m12/07/2026, 3:56:08 pm [32m    LOG[39m [38;5;3m[RouterExplorer] [39m[32mMapped {/api/audits, POST} route[39m[38;5;3m +0ms[39m
[32m[Nest] 16704  - [39m12/07/2026, 3:56:08 pm [32m    LOG[39m [38;5;3m[RouterExplorer] [39m[32mMapped {/api/audits/:id, PATCH} route[39m[38;5;3m +0ms[39m
[32m[Nest] 16704  - [39m12/07/2026, 3:56:08 pm [32m    LOG[39m [38;5;3m[RouterExplorer] [39m[32mMapped {/api/audits/:id, DELETE} route[39m[38;5;3m +0ms[39m
[32m[Nest] 16704  - [39m12/07/2026, 3:56:08 pm [32m    LOG[39m [38;5;3m[RoutesResolver] [39m[32mComplianceIssuesController {/api/compliance-issues}:[39m[38;5;3m +0ms[39m
[32m[Nest] 16704  - [39m12/07/2026, 3:56:08 pm [32m    LOG[39m [38;5;3m[RouterExplorer] [39m[32mMapped {/api/compliance-issues, GET} route[39m[38;5;3m +0ms[39m
[32m[Nest] 16704  - [39m12/07/2026, 3:56:08 pm [32m    LOG[39m [38;5;3m[RouterExplorer] [39m[32mMapped {/api/compliance-issues/:id, GET} route[39m[38;5;3m +1ms[39m
[32m[Nest] 16704  - [39m12/07/2026, 3:56:08 pm [32m    LOG[39m [38;5;3m[RouterExplorer] [39m[32mMapped {/api/compliance-issues, POST} route[39m[38;5;3m +0ms[39m
[32m[Nest] 16704  - [39m12/07/2026, 3:56:08 pm [32m    LOG[39m [38;5;3m[RouterExplorer] [39m[32mMapped {/api/compliance-issues/:id, PATCH} route[39m[38;5;3m +0ms[39m
[32m[Nest] 16704  - [39m12/07/2026, 3:56:08 pm [32m    LOG[39m [38;5;3m[RouterExplorer] [39m[32mMapped {/api/compliance-issues/:id, DELETE} route[39m[38;5;3m +0ms[39m
[32m[Nest] 16704  - [39m12/07/2026, 3:56:08 pm [32m    LOG[39m [38;5;3m[RoutesResolver] [39m[32mUserBadgesController {/api/user-badges}:[39m[38;5;3m +0ms[39m
[32m[Nest] 16704  - [39m12/07/2026, 3:56:08 pm [32m    LOG[39m [38;5;3m[RouterExplorer] [39m[32mMapped {/api/user-badges, GET} route[39m[38;5;3m +0ms[39m
[32m[Nest] 16704  - [39m12/07/2026, 3:56:08 pm [32m    LOG[39m [38;5;3m[RouterExplorer] [39m[32mMapped {/api/user-badges/user/:userId, GET} route[39m[38;5;3m +0ms[39m
[32m[Nest] 16704  - [39m12/07/2026, 3:56:08 pm [32m    LOG[39m [38;5;3m[RouterExplorer] [39m[32mMapped {/api/user-badges/:id, GET} route[39m[38;5;3m +0ms[39m
[32m[Nest] 16704  - [39m12/07/2026, 3:56:08 pm [32m    LOG[39m [38;5;3m[RouterExplorer] [39m[32mMapped {/api/user-badges, POST} route[39m[38;5;3m +0ms[39m
[32m[Nest] 16704  - [39m12/07/2026, 3:56:08 pm [32m    LOG[39m [38;5;3m[RouterExplorer] [39m[32mMapped {/api/user-badges/check/:userId, POST} route[39m[38;5;3m +0ms[39m
[32m[Nest] 16704  - [39m12/07/2026, 3:56:08 pm [32m    LOG[39m [38;5;3m[RouterExplorer] [39m[32mMapped {/api/user-badges/:id, PATCH} route[39m[38;5;3m +0ms[39m
[32m[Nest] 16704  - [39m12/07/2026, 3:56:08 pm [32m    LOG[39m [38;5;3m[RouterExplorer] [39m[32mMapped {/api/user-badges/:id, DELETE} route[39m[38;5;3m +0ms[39m
[32m[Nest] 16704  - [39m12/07/2026, 3:56:08 pm [32m    LOG[39m [38;5;3m[RoutesResolver] [39m[32mRewardRedemptionsController {/api/reward-redemptions}:[39m[38;5;3m +0ms[39m
[32m[Nest] 16704  - [39m12/07/2026, 3:56:08 pm [32m    LOG[39m [38;5;3m[RouterExplorer] [39m[32mMapped {/api/reward-redemptions, GET} route[39m[38;5;3m +0ms[39m
[32m[Nest] 16704  - [39m12/07/2026, 3:56:08 pm [32m    LOG[39m [38;5;3m[RouterExplorer] [39m[32mMapped {/api/reward-redemptions/user/:userId, GET} route[39m[38;5;3m +0ms[39m
[32m[Nest] 16704  - [39m12/07/2026, 3:56:08 pm [32m    LOG[39m [38;5;3m[RouterExplorer] [39m[32mMapped {/api/reward-redemptions/:id, GET} route[39m[38;5;3m +0ms[39m
[32m[Nest] 16704  - [39m12/07/2026, 3:56:08 pm [32m    LOG[39m [38;5;3m[RouterExplorer] [39m[32mMapped {/api/reward-redemptions, POST} route[39m[38;5;3m +0ms[39m
[32m[Nest] 16704  - [39m12/07/2026, 3:56:08 pm [32m    LOG[39m [38;5;3m[RouterExplorer] [39m[32mMapped {/api/reward-redemptions/redeem, POST} route[39m[38;5;3m +0ms[39m
[32m[Nest] 16704  - [39m12/07/2026, 3:56:08 pm [32m    LOG[39m [38;5;3m[RouterExplorer] [39m[32mMapped {/api/reward-redemptions/:id, PATCH} route[39m[38;5;3m +0ms[39m
[32m[Nest] 16704  - [39m12/07/2026, 3:56:08 pm [32m    LOG[39m [38;5;3m[RouterExplorer] [39m[32mMapped {/api/reward-redemptions/:id, DELETE} route[39m[38;5;3m +1ms[39m
[32m[Nest] 16704  - [39m12/07/2026, 3:56:08 pm [32m    LOG[39m [38;5;3m[RoutesResolver] [39m[32mDepartmentScoresController {/api/department-scores}:[39m[38;5;3m +0ms[39m
[32m[Nest] 16704  - [39m12/07/2026, 3:56:08 pm [32m    LOG[39m [38;5;3m[RouterExplorer] [39m[32mMapped {/api/department-scores, GET} route[39m[38;5;3m +0ms[39m
[32m[Nest] 16704  - [39m12/07/2026, 3:56:08 pm [32m    LOG[39m [38;5;3m[RouterExplorer] [39m[32mMapped {/api/department-scores/org-score, GET} route[39m[38;5;3m +0ms[39m
[32m[Nest] 16704  - [39m12/07/2026, 3:56:08 pm [32m    LOG[39m [38;5;3m[RouterExplorer] [39m[32mMapped {/api/department-scores/:id, GET} route[39m[38;5;3m +0ms[39m
[32m[Nest] 16704  - [39m12/07/2026, 3:56:08 pm [32m    LOG[39m [38;5;3m[RouterExplorer] [39m[32mMapped {/api/department-scores, POST} route[39m[38;5;3m +0ms[39m
[32m[Nest] 16704  - [39m12/07/2026, 3:56:08 pm [32m    LOG[39m [38;5;3m[RouterExplorer] [39m[32mMapped {/api/department-scores/calculate, POST} route[39m[38;5;3m +0ms[39m
[32m[Nest] 16704  - [39m12/07/2026, 3:56:08 pm [32m    LOG[39m [38;5;3m[RouterExplorer] [39m[32mMapped {/api/department-scores/:id, PATCH} route[39m[38;5;3m +0ms[39m
[32m[Nest] 16704  - [39m12/07/2026, 3:56:08 pm [32m    LOG[39m [38;5;3m[RouterExplorer] [39m[32mMapped {/api/department-scores/:id, DELETE} route[39m[38;5;3m +0ms[39m
[32m[Nest] 16704  - [39m12/07/2026, 3:56:08 pm [32m    LOG[39m [38;5;3m[RoutesResolver] [39m[32mDashboardController {/api/dashboard}:[39m[38;5;3m +0ms[39m
[32m[Nest] 16704  - [39m12/07/2026, 3:56:08 pm [32m    LOG[39m [38;5;3m[RouterExplorer] [39m[32mMapped {/api/dashboard/overview, GET} route[39m[38;5;3m +0ms[39m
[32m[Nest] 16704  - [39m12/07/2026, 3:56:08 pm [32m    LOG[39m [38;5;3m[RouterExplorer] [39m[32mMapped {/api/dashboard/environmental, GET} route[39m[38;5;3m +0ms[39m
[32m[Nest] 16704  - [39m12/07/2026, 3:56:08 pm [32m    LOG[39m [38;5;3m[RouterExplorer] [39m[32mMapped {/api/dashboard/social, GET} route[39m[38;5;3m +0ms[39m
[32m[Nest] 16704  - [39m12/07/2026, 3:56:08 pm [32m    LOG[39m [38;5;3m[RouterExplorer] [39m[32mMapped {/api/dashboard/governance, GET} route[39m[38;5;3m +0ms[39m
[32m[Nest] 16704  - [39m12/07/2026, 3:56:08 pm [32m    LOG[39m [38;5;3m[RouterExplorer] [39m[32mMapped {/api/dashboard/scores, GET} route[39m[38;5;3m +0ms[39m
[32m[Nest] 16704  - [39m12/07/2026, 3:56:08 pm [32m    LOG[39m [38;5;3m[RouterExplorer] [39m[32mMapped {/api/dashboard/leaderboard, GET} route[39m[38;5;3m +0ms[39m
[32m[Nest] 16704  - [39m12/07/2026, 3:56:08 pm [32m    LOG[39m [38;5;3m[RoutesResolver] [39m[32mReportsController {/api/reports}:[39m[38;5;3m +0ms[39m
[32m[Nest] 16704  - [39m12/07/2026, 3:56:08 pm [32m    LOG[39m [38;5;3m[RouterExplorer] [39m[32mMapped {/api/reports/generate, POST} route[39m[38;5;3m +0ms[39m
[32m[Nest] 16704  - [39m12/07/2026, 3:56:08 pm [32m    LOG[39m [38;5;3m[RoutesResolver] [39m[32mFileUploadController {/upload}:[39m[38;5;3m +0ms[39m
[32m[Nest] 16704  - [39m12/07/2026, 3:56:08 pm [32m    LOG[39m [38;5;3m[RouterExplorer] [39m[32mMapped {/upload, POST} route[39m[38;5;3m +1ms[39m
[32m[Nest] 16704  - [39m12/07/2026, 3:56:08 pm [32m    LOG[39m [38;5;3m[RouterExplorer] [39m[32mMapped {/upload/files, GET} route[39m[38;5;3m +0ms[39m
[32m[Nest] 16704  - [39m12/07/2026, 3:56:08 pm [32m    LOG[39m [38;5;3m[RouterExplorer] [39m[32mMapped {/upload/:filename, DELETE} route[39m[38;5;3m +0ms[39m
[32m[Nest] 16704  - [39m12/07/2026, 3:56:08 pm [32m    LOG[39m [38;5;3m[NestApplication] [39m[32mNest application successfully started[39m[38;5;3m +8ms[39m
EcoSphere API running on http://localhost:4000
Swagger docs at http://localhost:4000/api/docs
