$ next dev
   ▲ Next.js 15.5.20
   - Local:        http://localhost:3000
   - Network:      http://10.196.159.140:3000
   - Environments: .env.local
   - Experiments (use with caution):
     · optimizePackageImports

 ✓ Starting...
 ✓ Ready in 1882ms
 ○ Compiling / ...
 ✓ Compiled / in 5.7s (670 modules)
 GET / 307 in 6304ms
 ○ Compiling /dashboard ...
 ✓ Compiled /dashboard in 6.7s (2228 modules)
 GET /dashboard 200 in 6695ms
 ○ Compiling /login ...
 ✓ Compiled /login in 538ms (2249 modules)
 GET /login 200 in 877ms
 GET /dashboard 200 in 45ms
 ○ Compiling /environmental ...
 ✓ Compiled /environmental in 701ms (2266 modules)
 GET /environmental 200 in 822ms
 ○ Compiling /social ...
 ✓ Compiled /social in 594ms (2283 modules)
 GET /social 200 in 681ms
 ○ Compiling /governance ...
 ✓ Compiled /governance in 556ms (2292 modules)
 GET /governance 200 in 645ms
 ○ Compiling /gamification ...
 ✓ Compiled /gamification in 707ms (2307 modules)
 GET /gamification 200 in 781ms
 ○ Compiling /reports/custom ...
 ✓ Compiled /reports/custom in 1928ms (2320 modules)
 ○ Compiling /settings/departments ...
 ✓ Compiled /settings/departments in 1496ms (2335 modules)
 GET /reports/custom 200 in 3635ms
 GET /settings/departments 200 in 1742ms
 GET /reports/custom 200 in 66ms
 GET /settings/departments 200 in 22ms
 GET /gamification 200 in 33ms
 GET /settings/departments 200 in 53ms
 GET /dashboard 200 in 43ms
 GET /environmental 200 in 38ms
 GET /social 200 in 57ms
 GET /governance 200 in 31ms
 GET /gamification 200 in 30ms
 GET /reports/custom 200 in 29ms
 GET /settings/departments 200 in 34ms
 GET /gamification 200 in 40ms
 ○ Compiling /challenges/submissions ...
 ✓ Compiled /gamification/badges in 4.5s (2432 modules)
 GET /gamification/badges 200 in 1369ms
 GET /settings/emission-factors 200 in 3351ms
 GET /challenges/submissions 200 in 4852ms
 GET /reports/custom?type=social 200 in 58ms
 GET /settings/emission-factors 200 in 37ms
 GET /dashboard 200 in 38ms
 GET /dashboard 200 in 49ms
 GET /dashboard 200 in 37ms
 ○ Compiling /carbon/entries ...
 ✓ Compiled /carbon/entries in 1225ms (2414 modules)
 GET /carbon/entries 200 in 1397ms
 GET /carbon/entries 200 in 46ms
 GET /dashboard 200 in 64ms
 GET /reports/custom 200 in 50ms
 ✓ Compiled in 815ms (2405 modules)
 GET /reports/custom 200 in 153ms
 ○ Compiling /gamification ...
 ✓ Compiled /gamification in 663ms (1307 modules)
 GET /gamification 200 in 751ms
 GET /gamification 200 in 36ms
 ○ Compiling /settings/policies ...
 ✓ Compiled /settings/policies in 876ms (2397 modules)
 GET /settings/policies 200 in 995ms
 ○ Compiling /challenges/submissions ...
 ✓ Compiled /challenges/submissions in 554ms (1307 modules)
 GET /challenges/submissions 200 in 696ms
 GET /challenges/submissions 200 in 48ms
 GET /dashboard 200 in 35ms
 GET /gamification 200 in 37ms
 GET /reports/custom 200 in 56ms
 ○ Compiling /settings/departments ...
 ✓ Compiled /settings/departments in 658ms (1314 modules)
 GET /settings/departments 200 in 762ms
 GET /settings/departments 200 in 60ms
 GET /gamification 200 in 47ms
 ○ Compiling /environmental ...
 ✓ Compiled /environmental in 612ms (1316 modules)
 GET /environmental 200 in 706ms
 GET /environmental 200 in 52ms
 GET /environmental 200 in 37ms
